<?xml version="1.0" encoding="UTF-8"?>
<!-- Generated by org.testng.reporters.JUnitXMLReporter -->
<testsuite ignored="0" hostname="LAPTOP-O3UVQ4DE" failures="2" tests="2" name="Test" time="5.37" errors="0" timestamp="18 May 2021 16:02:24 GMT">
  <testcase classname="e2eProject.FacebookLogin" name="basePageNavigation" time="5.211">
    <failure type="java.lang.AssertionError" message="expected [true] but found [false]">
      <![CDATA[java.lang.AssertionError: expected [true] but found [false]
at e2eProject.FacebookLogin.basePageNavigation(FacebookLogin.java:30)
... Removed 29 stack frames]]>
    </failure>
  </testcase> <!-- basePageNavigation -->
  <testcase classname="e2eProject.FacebookLogin" name="basePageNavigation" time="5.346">
    <failure type="java.lang.NullPointerException" message="Cannot invoke &amp;quot;org.openqa.selenium.TakesScreenshot.getScreenshotAs(org.openqa.selenium.OutputType)&amp;quot; because &amp;quot;ts&amp;quot; is null">
      <![CDATA[java.lang.NullPointerException: Cannot invoke "org.openqa.selenium.TakesScreenshot.getScreenshotAs(org.openqa.selenium.OutputType)" because "ts" is null
at resources.base.getScreenshot(base.java:74)
at e2eProject.Listeners.onTestFailure(Listeners.java:39)
... Removed 22 stack frames]]>
    </failure>
  </testcase> <!-- basePageNavigation -->
</testsuite> <!-- Test -->
