<?xml version="1.0" encoding="UTF-8"?>
<testng-results ignored="0" total="2" passed="2" failed="0" skipped="0">
  <reporter-output>
  </reporter-output>
  <suite started-at="2021-05-18T19:11:04Z" name="Suite" finished-at="2021-05-18T19:11:40Z" duration-ms="35691">
    <groups>
    </groups>
    <test started-at="2021-05-18T19:11:04Z" name="Test3" finished-at="2021-05-18T19:11:36Z" duration-ms="31978">
      <class name="e2eProject.ValidateFacebookTitle">
        <test-method signature="getTitle()[pri:0, instance:e2eProject.ValidateFacebookTitle@4de025bf]" started-at="2021-05-18T19:11:04Z" name="getTitle" finished-at="2021-05-18T19:11:36Z" duration-ms="31411" status="PASS">
          <reporter-output>
          </reporter-output>
        </test-method> <!-- getTitle -->
        <test-method is-config="true" signature="endTest()[pri:0, instance:e2eProject.ValidateFacebookTitle@4de025bf]" started-at="2021-05-18T19:11:36Z" name="endTest" finished-at="2021-05-18T19:11:36Z" duration-ms="524" status="PASS">
          <reporter-output>
          </reporter-output>
        </test-method> <!-- endTest -->
      </class> <!-- e2eProject.ValidateFacebookTitle -->
    </test> <!-- Test3 -->
    <test started-at="2021-05-18T19:11:04Z" name="Test2" finished-at="2021-05-18T19:11:40Z" duration-ms="35691">
      <class name="e2eProject.LaunchGoogleMeets">
        <test-method signature="getUrl()[pri:0, instance:e2eProject.LaunchGoogleMeets@6de54b40]" started-at="2021-05-18T19:11:04Z" name="getUrl" finished-at="2021-05-18T19:11:36Z" duration-ms="31393" status="PASS">
          <reporter-output>
          </reporter-output>
        </test-method> <!-- getUrl -->
        <test-method is-config="true" signature="endTest()[pri:0, instance:e2eProject.LaunchGoogleMeets@6de54b40]" started-at="2021-05-18T19:11:36Z" name="endTest" finished-at="2021-05-18T19:11:40Z" duration-ms="4255" status="PASS">
          <reporter-output>
          </reporter-output>
        </test-method> <!-- endTest -->
      </class> <!-- e2eProject.LaunchGoogleMeets -->
    </test> <!-- Test2 -->
  </suite> <!-- Suite -->
</testng-results>
